<?xml version="1.0"?>
<yandex>
  <users>
    <default>
      <password>test1234</password>
      <access_management>1</access_management>
      <networks>
        <ip>127.0.0.1</ip>
      </networks>
    </default>
  </users>
</yandex>
