<?xml version="1.0"?>
<yandex>
  <timezone>Europe/Moscow</timezone>
</yandex>
